2019-01-19 04:51:07,665 - root - INFO - Ant start working...
2019-01-19 04:51:07,667 - antsworker - INFO - usageKRW : 10,000
2019-01-19 04:55:47,876 - root - INFO - Ant start working...
2019-01-19 04:55:47,878 - antsworker - INFO - usageKRW : 10,000
2019-01-19 05:14:02,530 - root - INFO - Ant start working...
2019-01-19 05:14:02,532 - antsworker - INFO - usageKRW : 10,000
2019-01-19 05:14:02,722 - email_reader - INFO - IMAP Login OK,	[b'[CAPABILITY COMPRESS=DEFLATE IMAP4rev1 LITERAL+ SASL-IR ID UNSELECT CHILDREN UIDPLUS LIST-EXTENDED I18NLEVEL=1 WITHIN MOVE QUOTA SPECIAL-USE] Logged in']
2019-01-19 05:15:30,713 - root - INFO - Ant start working...
2019-01-19 05:15:30,714 - utils - INFO - read file ./configs/bithumb.key
2019-01-19 05:15:30,716 - antsworker - INFO - usageKRW : 10,000
2019-01-19 05:15:30,931 - email_reader - INFO - IMAP Login OK,	[b'[CAPABILITY COMPRESS=DEFLATE IMAP4rev1 LITERAL+ SASL-IR ID UNSELECT CHILDREN UIDPLUS LIST-EXTENDED I18NLEVEL=1 WITHIN MOVE QUOTA SPECIAL-USE] Logged in']
2019-01-19 05:29:51,024 - root - INFO - Ant start working...
2019-01-19 05:29:51,024 - utils - INFO - read file ./configs/bithumb.key
2019-01-19 05:29:51,025 - antsworker - INFO - usageKRW : 10,000
2019-01-19 05:29:51,325 - email_reader - INFO - IMAP Login OK,	[b'[CAPABILITY COMPRESS=DEFLATE IMAP4rev1 LITERAL+ SASL-IR ID UNSELECT CHILDREN UIDPLUS LIST-EXTENDED I18NLEVEL=1 WITHIN MOVE QUOTA SPECIAL-USE] Logged in']
2019-01-19 05:29:51,543 - email_reader - INFO - IMAP Login OK,	[b'[CAPABILITY COMPRESS=DEFLATE IMAP4rev1 LITERAL+ SASL-IR ID UNSELECT CHILDREN UIDPLUS LIST-EXTENDED I18NLEVEL=1 WITHIN MOVE QUOTA SPECIAL-USE] Logged in']
2019-01-19 05:29:56,582 - email_reader - DEBUG - mail list : 
[]
2019-01-19 05:30:01,617 - email_reader - DEBUG - mail list : 
[]
2019-01-19 05:30:06,651 - email_reader - DEBUG - mail list : 
[]
2019-01-19 05:30:11,686 - email_reader - DEBUG - mail list : 
[b'208']
2019-01-19 05:30:11,748 - email_reader - DEBUG - b'208' is seen
2019-01-19 05:30:11,756 - email_reader - DEBUG - subject : TradingView Alert: #BTCKRW #1M #SELL #BITHUMB
2019-01-19 05:30:11,757 - antsworker - INFO - doActoin :{'market': 'BTCKRW', 'time': '1M', 'action': 'SELL', 'exchange': 'BITHUMB'}
2019-01-19 05:30:11,774 - urllib3.connectionpool - DEBUG - Starting new HTTPS connection (1): api.bithumb.com:443
2019-01-19 05:30:11,860 - urllib3.connectionpool - DEBUG - https://api.bithumb.com:443 "POST /info/balance HTTP/1.1" 200 None
2019-01-19 05:30:11,874 - urllib3.connectionpool - DEBUG - Starting new HTTPS connection (1): api.bithumb.com:443
2019-01-19 05:30:12,004 - urllib3.connectionpool - DEBUG - https://api.bithumb.com:443 "GET /public/ticker/BTC HTTP/1.1" 200 None
2019-01-19 05:30:12,069 - urllib3.connectionpool - DEBUG - https://api.bithumb.com:443 "POST /trade/market_sell HTTP/1.1" 200 None
2019-01-19 05:30:12,075 - antsworker - INFO - actoin done
2019-01-19 05:30:17,107 - email_reader - DEBUG - mail list : 
[]
2019-01-19 05:30:22,141 - email_reader - DEBUG - mail list : 
[]
2019-01-19 05:30:27,177 - email_reader - DEBUG - mail list : 
[]
2019-01-19 05:30:32,211 - email_reader - DEBUG - mail list : 
[]
2019-01-19 05:30:37,247 - email_reader - DEBUG - mail list : 
[]
2019-01-19 05:30:42,288 - email_reader - DEBUG - mail list : 
[]
2019-01-19 05:30:47,321 - email_reader - DEBUG - mail list : 
[]
2019-01-19 05:30:55,178 - root - INFO - Ant start working...
2019-01-19 05:30:55,179 - utils - INFO - read file ./configs/bithumb.key
2019-01-19 05:30:55,180 - antsworker - INFO - usageKRW : 10,000
2019-01-19 05:30:55,347 - email_reader - INFO - IMAP Login OK,	[b'[CAPABILITY COMPRESS=DEFLATE IMAP4rev1 LITERAL+ SASL-IR ID UNSELECT CHILDREN UIDPLUS LIST-EXTENDED I18NLEVEL=1 WITHIN MOVE QUOTA SPECIAL-USE] Logged in']
2019-01-19 05:30:55,543 - email_reader - INFO - IMAP Login OK,	[b'[CAPABILITY COMPRESS=DEFLATE IMAP4rev1 LITERAL+ SASL-IR ID UNSELECT CHILDREN UIDPLUS LIST-EXTENDED I18NLEVEL=1 WITHIN MOVE QUOTA SPECIAL-USE] Logged in']
2019-01-19 05:31:00,583 - email_reader - DEBUG - mail list : []
2019-01-19 05:31:05,625 - email_reader - DEBUG - mail list : [b'208']
2019-01-19 05:31:05,682 - email_reader - DEBUG - b'208' is seen
2019-01-19 05:31:05,690 - email_reader - DEBUG - subject : TradingView Alert: #BTCKRW #1M #SELL #BITHUMB
2019-01-19 05:31:05,692 - antsworker - INFO - doActoin :{'market': 'BTCKRW', 'time': '1M', 'action': 'SELL', 'exchange': 'BITHUMB'}
2019-01-19 05:31:05,705 - urllib3.connectionpool - DEBUG - Starting new HTTPS connection (1): api.bithumb.com:443
2019-01-19 05:31:05,802 - urllib3.connectionpool - DEBUG - https://api.bithumb.com:443 "POST /info/balance HTTP/1.1" 200 None
2019-01-19 05:31:05,815 - urllib3.connectionpool - DEBUG - Starting new HTTPS connection (1): api.bithumb.com:443
2019-01-19 05:31:05,916 - urllib3.connectionpool - DEBUG - https://api.bithumb.com:443 "GET /public/ticker/BTC HTTP/1.1" 200 None
2019-01-19 05:31:06,001 - urllib3.connectionpool - DEBUG - https://api.bithumb.com:443 "POST /trade/market_sell HTTP/1.1" 200 None
2019-01-19 05:31:06,009 - antsworker - INFO - actoin done
2019-01-19 05:31:11,042 - email_reader - DEBUG - mail list : []
2019-01-19 05:31:16,073 - email_reader - DEBUG - mail list : []
2019-01-19 05:31:21,109 - email_reader - DEBUG - mail list : []
2019-01-19 05:31:26,145 - email_reader - DEBUG - mail list : []
2019-01-19 05:31:31,178 - email_reader - DEBUG - mail list : []
2019-01-19 05:31:36,204 - email_reader - DEBUG - mail list : []
2019-01-19 05:31:41,233 - email_reader - DEBUG - mail list : []
2019-01-19 05:31:46,265 - email_reader - DEBUG - mail list : []
2019-01-19 05:31:51,296 - email_reader - DEBUG - mail list : []
2019-01-19 05:31:56,331 - email_reader - DEBUG - mail list : []
2019-01-19 05:32:01,361 - email_reader - DEBUG - mail list : []
2019-01-19 05:32:06,395 - email_reader - DEBUG - mail list : []
2019-01-19 05:32:11,429 - email_reader - DEBUG - mail list : []
2019-01-19 05:32:16,465 - email_reader - DEBUG - mail list : []
2019-01-19 05:32:21,498 - email_reader - DEBUG - mail list : []
